20:53:21,970 INFO  [com.matthewsgrand._NumTheFun] - In main()
20:53:21,972 INFO  [com.matthewsgrand.mwgMethods] - In clearConsole()
20:53:21,972 WARN  [com.matthewsgrand.mwgMethods] - Out clearConsole() early due to being manually turned off.
20:53:21,974 INFO  [com.matthewsgrand.mwgMethods] - In readFile(fileName = dia/intro.txt)
20:53:21,991 INFO  [com.matthewsgrand.mwgMethods] - Out readFile()
20:53:21,992 INFO  [com.matthewsgrand._NumTheFun] - Deploying Main_Menu
20:53:21,992 INFO  [com.matthewsgrand.mwgMethods] - In readFile(fileName = dia/topMenu.txt)
20:53:22,052 INFO  [com.matthewsgrand.mwgMethods] - Out readFile()
20:53:54,501 INFO  [com.matthewsgrand._NumTheFun] - User put in 25
20:53:54,501 INFO  [com.matthewsgrand.mwgMethods] - In clearConsole()
20:53:54,501 WARN  [com.matthewsgrand.mwgMethods] - Out clearConsole() early due to being manually turned off.
20:53:54,501 INFO  [com.matthewsgrand._NumTheFun] - In theMenu(the = 25)
20:53:54,502 INFO  [com.matthewsgrand.mwgMethods] - In readFile(fileName = dia/the25.txt)
20:53:54,540 INFO  [com.matthewsgrand.mwgMethods] - Out readFile()
20:53:54,541 INFO  [com.matthewsgrand.mwgMethods] - In readFile(fileName = dia/theMenu.txt)
20:53:54,556 INFO  [com.matthewsgrand.mwgMethods] - Out readFile()
20:54:18,506 INFO  [com.matthewsgrand.Chapter2] - In learn25()
20:54:18,511 INFO  [com.matthewsgrand.mwgMethods] - In readInt(args.length = 1)
20:54:23,225 INFO  [com.matthewsgrand.mwgMethods] - Out readInt(r = 1000000)
20:54:23,225 INFO  [com.matthewsgrand.mwgMethods] - In clearConsole()
20:54:23,225 WARN  [com.matthewsgrand.mwgMethods] - Out clearConsole() early due to being manually turned off.
20:54:23,226 INFO  [com.matthewsgrand.Chapter2] - In the25(n = 1000000, slow = true)
20:54:23,226 INFO  [com.matthewsgrand.mwgMethods] - In sqrtInt(i = 1000000)
20:54:23,232 INFO  [com.matthewsgrand.mwgMethods] - Out sqrtInt(r = 1000)
20:54:23,235 INFO  [com.matthewsgrand.Chapter2] - In longDivide(k = 2, j = 1000000, slow = false)
20:54:23,243 INFO  [com.matthewsgrand.Chapter2] - Out longDivide(q = 500000, j = 0)
20:54:23,245 INFO  [com.matthewsgrand.mwgMethods] - In sqrtInt(i = 500000)
20:54:23,245 INFO  [com.matthewsgrand.mwgMethods] - Out sqrtInt(r = 707)
20:54:23,247 INFO  [com.matthewsgrand.Chapter2] - In longDivide(k = 2, j = 500000, slow = false)
20:54:23,248 INFO  [com.matthewsgrand.Chapter2] - Out longDivide(q = 250000, j = 0)
20:54:23,251 INFO  [com.matthewsgrand.mwgMethods] - In sqrtInt(i = 250000)
20:54:23,251 INFO  [com.matthewsgrand.mwgMethods] - Out sqrtInt(r = 500)
20:54:23,253 INFO  [com.matthewsgrand.Chapter2] - In longDivide(k = 2, j = 250000, slow = false)
20:54:23,254 INFO  [com.matthewsgrand.Chapter2] - Out longDivide(q = 125000, j = 0)
20:54:23,257 INFO  [com.matthewsgrand.mwgMethods] - In sqrtInt(i = 125000)
20:54:23,258 INFO  [com.matthewsgrand.mwgMethods] - Out sqrtInt(r = 353)
20:54:23,261 INFO  [com.matthewsgrand.Chapter2] - In longDivide(k = 2, j = 125000, slow = false)
20:54:23,262 INFO  [com.matthewsgrand.Chapter2] - Out longDivide(q = 62500, j = 0)
20:54:23,264 INFO  [com.matthewsgrand.mwgMethods] - In sqrtInt(i = 62500)
20:54:23,265 INFO  [com.matthewsgrand.mwgMethods] - Out sqrtInt(r = 250)
20:54:23,268 INFO  [com.matthewsgrand.Chapter2] - In longDivide(k = 2, j = 62500, slow = false)
20:54:23,269 INFO  [com.matthewsgrand.Chapter2] - Out longDivide(q = 31250, j = 0)
20:54:23,270 INFO  [com.matthewsgrand.mwgMethods] - In sqrtInt(i = 31250)
20:54:23,271 INFO  [com.matthewsgrand.mwgMethods] - Out sqrtInt(r = 176)
20:54:23,274 INFO  [com.matthewsgrand.Chapter2] - In longDivide(k = 2, j = 31250, slow = false)
20:54:23,275 INFO  [com.matthewsgrand.Chapter2] - Out longDivide(q = 15625, j = 0)
20:54:23,279 INFO  [com.matthewsgrand.mwgMethods] - In sqrtInt(i = 15625)
20:54:23,280 INFO  [com.matthewsgrand.mwgMethods] - Out sqrtInt(r = 125)
20:54:23,284 INFO  [com.matthewsgrand.Chapter2] - In longDivide(k = 2, j = 15625, slow = false)
20:54:23,284 INFO  [com.matthewsgrand.Chapter2] - Out longDivide(q = 7812, j = 1)
20:54:23,285 INFO  [com.matthewsgrand.Chapter2] - In longDivide(k = 3, j = 15625, slow = false)
20:54:23,285 INFO  [com.matthewsgrand.Chapter2] - Out longDivide(q = 5208, j = 1)
20:54:23,286 INFO  [com.matthewsgrand.Chapter2] - In longDivide(k = 4, j = 15625, slow = false)
20:54:23,287 INFO  [com.matthewsgrand.Chapter2] - Out longDivide(q = 3906, j = 1)
20:54:23,287 INFO  [com.matthewsgrand.Chapter2] - In longDivide(k = 5, j = 15625, slow = false)
20:54:23,287 INFO  [com.matthewsgrand.Chapter2] - Out longDivide(q = 3125, j = 0)
20:54:23,288 INFO  [com.matthewsgrand.mwgMethods] - In sqrtInt(i = 3125)
20:54:23,289 INFO  [com.matthewsgrand.mwgMethods] - Out sqrtInt(r = 55)
20:54:23,292 INFO  [com.matthewsgrand.Chapter2] - In longDivide(k = 2, j = 3125, slow = false)
20:54:23,293 INFO  [com.matthewsgrand.Chapter2] - Out longDivide(q = 1562, j = 1)
20:54:23,293 INFO  [com.matthewsgrand.Chapter2] - In longDivide(k = 3, j = 3125, slow = false)
20:54:23,293 INFO  [com.matthewsgrand.Chapter2] - Out longDivide(q = 1041, j = 2)
20:54:23,294 INFO  [com.matthewsgrand.Chapter2] - In longDivide(k = 4, j = 3125, slow = false)
20:54:23,295 INFO  [com.matthewsgrand.Chapter2] - Out longDivide(q = 781, j = 1)
20:54:23,296 INFO  [com.matthewsgrand.Chapter2] - In longDivide(k = 5, j = 3125, slow = false)
20:54:23,296 INFO  [com.matthewsgrand.Chapter2] - Out longDivide(q = 625, j = 0)
20:54:23,299 INFO  [com.matthewsgrand.mwgMethods] - In sqrtInt(i = 625)
20:54:23,299 INFO  [com.matthewsgrand.mwgMethods] - Out sqrtInt(r = 25)
20:54:23,302 INFO  [com.matthewsgrand.Chapter2] - In longDivide(k = 2, j = 625, slow = false)
20:54:23,302 INFO  [com.matthewsgrand.Chapter2] - Out longDivide(q = 312, j = 1)
20:54:23,302 INFO  [com.matthewsgrand.Chapter2] - In longDivide(k = 3, j = 625, slow = false)
20:54:23,302 INFO  [com.matthewsgrand.Chapter2] - Out longDivide(q = 208, j = 1)
20:54:23,303 INFO  [com.matthewsgrand.Chapter2] - In longDivide(k = 4, j = 625, slow = false)
20:54:23,303 INFO  [com.matthewsgrand.Chapter2] - Out longDivide(q = 156, j = 1)
20:54:23,303 INFO  [com.matthewsgrand.Chapter2] - In longDivide(k = 5, j = 625, slow = false)
20:54:23,304 INFO  [com.matthewsgrand.Chapter2] - Out longDivide(q = 125, j = 0)
20:54:23,305 INFO  [com.matthewsgrand.mwgMethods] - In sqrtInt(i = 125)
20:54:23,306 INFO  [com.matthewsgrand.mwgMethods] - Out sqrtInt(r = 11)
20:54:23,312 INFO  [com.matthewsgrand.Chapter2] - In longDivide(k = 2, j = 125, slow = false)
20:54:23,314 INFO  [com.matthewsgrand.Chapter2] - Out longDivide(q = 62, j = 1)
20:54:23,314 INFO  [com.matthewsgrand.Chapter2] - In longDivide(k = 3, j = 125, slow = false)
20:54:23,314 INFO  [com.matthewsgrand.Chapter2] - Out longDivide(q = 41, j = 2)
20:54:23,317 INFO  [com.matthewsgrand.Chapter2] - In longDivide(k = 4, j = 125, slow = false)
20:54:23,318 INFO  [com.matthewsgrand.Chapter2] - Out longDivide(q = 31, j = 1)
20:54:23,318 INFO  [com.matthewsgrand.Chapter2] - In longDivide(k = 5, j = 125, slow = false)
20:54:23,318 INFO  [com.matthewsgrand.Chapter2] - Out longDivide(q = 25, j = 0)
20:54:23,321 INFO  [com.matthewsgrand.mwgMethods] - In sqrtInt(i = 25)
20:54:23,321 INFO  [com.matthewsgrand.mwgMethods] - Out sqrtInt(r = 5)
20:54:23,325 INFO  [com.matthewsgrand.Chapter2] - In longDivide(k = 2, j = 25, slow = false)
20:54:23,325 INFO  [com.matthewsgrand.Chapter2] - Out longDivide(q = 12, j = 1)
20:54:23,326 INFO  [com.matthewsgrand.Chapter2] - In longDivide(k = 3, j = 25, slow = false)
20:54:23,326 INFO  [com.matthewsgrand.Chapter2] - Out longDivide(q = 8, j = 1)
20:54:23,329 INFO  [com.matthewsgrand.Chapter2] - In longDivide(k = 4, j = 25, slow = false)
20:54:23,330 INFO  [com.matthewsgrand.Chapter2] - Out longDivide(q = 6, j = 1)
20:54:23,330 INFO  [com.matthewsgrand.Chapter2] - In longDivide(k = 5, j = 25, slow = false)
20:54:23,330 INFO  [com.matthewsgrand.Chapter2] - Out longDivide(q = 5, j = 0)
20:54:23,332 INFO  [com.matthewsgrand.mwgMethods] - In sqrtInt(i = 5)
20:54:23,332 INFO  [com.matthewsgrand.mwgMethods] - Out sqrtInt(r = 2)
20:54:23,337 INFO  [com.matthewsgrand.Chapter2] - In longDivide(k = 2, j = 5, slow = false)
20:54:23,337 INFO  [com.matthewsgrand.Chapter2] - Out longDivide(q = 2, j = 1)
20:54:23,340 INFO  [com.matthewsgrand.Chapter2] - Out the25(returnValue.length = 12)
20:54:23,341 INFO  [com.matthewsgrand.mwgMethods] - In arrToString(arr.length = 12)
20:54:23,341 INFO  [com.matthewsgrand.mwgMethods] - Out arrToString(r = { 2, 2, 2, 2, 2, 2, 5, 5, 5, 5, 5, 5 })
20:54:23,348 INFO  [com.matthewsgrand.Chapter2] - Out learn25()
20:54:23,349 INFO  [com.matthewsgrand.mwgMethods] - In readFile(fileName = dia/theMenu.txt)
20:54:23,368 INFO  [com.matthewsgrand.mwgMethods] - Out readFile()
20:54:38,842 INFO  [com.matthewsgrand.Chapter2] - In learn25()
20:54:38,844 INFO  [com.matthewsgrand.mwgMethods] - In readInt(args.length = 1)
20:54:41,815 INFO  [com.matthewsgrand.mwgMethods] - Out readInt(r = 1000001)
20:54:41,816 INFO  [com.matthewsgrand.mwgMethods] - In clearConsole()
20:54:41,816 WARN  [com.matthewsgrand.mwgMethods] - Out clearConsole() early due to being manually turned off.
20:54:41,816 INFO  [com.matthewsgrand.Chapter2] - In the25(n = 1000001, slow = true)
20:54:41,816 INFO  [com.matthewsgrand.mwgMethods] - In sqrtInt(i = 1000001)
20:54:41,816 INFO  [com.matthewsgrand.mwgMethods] - Out sqrtInt(r = 1000)
20:54:41,818 INFO  [com.matthewsgrand.Chapter2] - In longDivide(k = 2, j = 1000001, slow = false)
20:54:41,820 INFO  [com.matthewsgrand.Chapter2] - Out longDivide(q = 500000, j = 1)
20:54:41,820 INFO  [com.matthewsgrand.Chapter2] - In longDivide(k = 3, j = 1000001, slow = false)
20:54:41,821 INFO  [com.matthewsgrand.Chapter2] - Out longDivide(q = 333333, j = 2)
20:54:41,822 INFO  [com.matthewsgrand.Chapter2] - In longDivide(k = 4, j = 1000001, slow = false)
20:54:41,827 INFO  [com.matthewsgrand.Chapter2] - Out longDivide(q = 250000, j = 1)
20:54:41,827 INFO  [com.matthewsgrand.Chapter2] - In longDivide(k = 5, j = 1000001, slow = false)
20:54:41,827 INFO  [com.matthewsgrand.Chapter2] - Out longDivide(q = 200000, j = 1)
20:54:41,829 INFO  [com.matthewsgrand.Chapter2] - In longDivide(k = 6, j = 1000001, slow = false)
20:54:41,829 INFO  [com.matthewsgrand.Chapter2] - Out longDivide(q = 166666, j = 5)
20:54:41,829 INFO  [com.matthewsgrand.Chapter2] - In longDivide(k = 7, j = 1000001, slow = false)
20:54:41,829 INFO  [com.matthewsgrand.Chapter2] - Out longDivide(q = 142857, j = 2)
20:54:41,831 INFO  [com.matthewsgrand.Chapter2] - In longDivide(k = 8, j = 1000001, slow = false)
20:54:41,831 INFO  [com.matthewsgrand.Chapter2] - Out longDivide(q = 125000, j = 1)
20:54:41,831 INFO  [com.matthewsgrand.Chapter2] - In longDivide(k = 9, j = 1000001, slow = false)
20:54:41,831 INFO  [com.matthewsgrand.Chapter2] - Out longDivide(q = 111111, j = 2)
20:54:41,832 INFO  [com.matthewsgrand.Chapter2] - In longDivide(k = 10, j = 1000001, slow = false)
20:54:41,832 INFO  [com.matthewsgrand.Chapter2] - Out longDivide(q = 100000, j = 1)
20:54:41,832 INFO  [com.matthewsgrand.Chapter2] - In longDivide(k = 11, j = 1000001, slow = false)
20:54:41,833 INFO  [com.matthewsgrand.Chapter2] - Out longDivide(q = 90909, j = 2)
20:54:41,833 INFO  [com.matthewsgrand.Chapter2] - In longDivide(k = 12, j = 1000001, slow = false)
20:54:41,833 INFO  [com.matthewsgrand.Chapter2] - Out longDivide(q = 83333, j = 5)
20:54:41,833 INFO  [com.matthewsgrand.Chapter2] - In longDivide(k = 13, j = 1000001, slow = false)
20:54:41,833 INFO  [com.matthewsgrand.Chapter2] - Out longDivide(q = 76923, j = 2)
20:54:41,833 INFO  [com.matthewsgrand.Chapter2] - In longDivide(k = 14, j = 1000001, slow = false)
20:54:41,833 INFO  [com.matthewsgrand.Chapter2] - Out longDivide(q = 71428, j = 9)
20:54:41,833 INFO  [com.matthewsgrand.Chapter2] - In longDivide(k = 15, j = 1000001, slow = false)
20:54:41,834 INFO  [com.matthewsgrand.Chapter2] - Out longDivide(q = 66666, j = 11)
20:54:41,835 INFO  [com.matthewsgrand.Chapter2] - In longDivide(k = 16, j = 1000001, slow = false)
20:54:41,835 INFO  [com.matthewsgrand.Chapter2] - Out longDivide(q = 62500, j = 1)
20:54:41,835 INFO  [com.matthewsgrand.Chapter2] - In longDivide(k = 17, j = 1000001, slow = false)
20:54:41,835 INFO  [com.matthewsgrand.Chapter2] - Out longDivide(q = 58823, j = 10)
20:54:41,835 INFO  [com.matthewsgrand.Chapter2] - In longDivide(k = 18, j = 1000001, slow = false)
20:54:41,837 INFO  [com.matthewsgrand.Chapter2] - Out longDivide(q = 55555, j = 11)
20:54:41,837 INFO  [com.matthewsgrand.Chapter2] - In longDivide(k = 19, j = 1000001, slow = false)
20:54:41,837 INFO  [com.matthewsgrand.Chapter2] - Out longDivide(q = 52631, j = 12)
20:54:41,837 INFO  [com.matthewsgrand.Chapter2] - In longDivide(k = 20, j = 1000001, slow = false)
20:54:41,837 INFO  [com.matthewsgrand.Chapter2] - Out longDivide(q = 50000, j = 1)
20:54:41,837 INFO  [com.matthewsgrand.Chapter2] - In longDivide(k = 21, j = 1000001, slow = false)
20:54:41,837 INFO  [com.matthewsgrand.Chapter2] - Out longDivide(q = 47619, j = 2)
20:54:41,837 INFO  [com.matthewsgrand.Chapter2] - In longDivide(k = 22, j = 1000001, slow = false)
20:54:41,837 INFO  [com.matthewsgrand.Chapter2] - Out longDivide(q = 45454, j = 13)
20:54:41,837 INFO  [com.matthewsgrand.Chapter2] - In longDivide(k = 23, j = 1000001, slow = false)
20:54:41,838 INFO  [com.matthewsgrand.Chapter2] - Out longDivide(q = 43478, j = 7)
20:54:41,838 INFO  [com.matthewsgrand.Chapter2] - In longDivide(k = 24, j = 1000001, slow = false)
20:54:41,838 INFO  [com.matthewsgrand.Chapter2] - Out longDivide(q = 41666, j = 17)
20:54:41,838 INFO  [com.matthewsgrand.Chapter2] - In longDivide(k = 25, j = 1000001, slow = false)
20:54:41,838 INFO  [com.matthewsgrand.Chapter2] - Out longDivide(q = 40000, j = 1)
20:54:41,838 INFO  [com.matthewsgrand.Chapter2] - In longDivide(k = 26, j = 1000001, slow = false)
20:54:41,838 INFO  [com.matthewsgrand.Chapter2] - Out longDivide(q = 38461, j = 15)
20:54:41,838 INFO  [com.matthewsgrand.Chapter2] - In longDivide(k = 27, j = 1000001, slow = false)
20:54:41,838 INFO  [com.matthewsgrand.Chapter2] - Out longDivide(q = 37037, j = 2)
20:54:41,838 INFO  [com.matthewsgrand.Chapter2] - In longDivide(k = 28, j = 1000001, slow = false)
20:54:41,838 INFO  [com.matthewsgrand.Chapter2] - Out longDivide(q = 35714, j = 9)
20:54:41,838 INFO  [com.matthewsgrand.Chapter2] - In longDivide(k = 29, j = 1000001, slow = false)
20:54:41,838 INFO  [com.matthewsgrand.Chapter2] - Out longDivide(q = 34482, j = 23)
20:54:41,838 INFO  [com.matthewsgrand.Chapter2] - In longDivide(k = 30, j = 1000001, slow = false)
20:54:41,838 INFO  [com.matthewsgrand.Chapter2] - Out longDivide(q = 33333, j = 11)
20:54:41,838 INFO  [com.matthewsgrand.Chapter2] - In longDivide(k = 31, j = 1000001, slow = false)
20:54:41,838 INFO  [com.matthewsgrand.Chapter2] - Out longDivide(q = 32258, j = 3)
20:54:41,840 INFO  [com.matthewsgrand.Chapter2] - In longDivide(k = 32, j = 1000001, slow = false)
20:54:41,841 INFO  [com.matthewsgrand.Chapter2] - Out longDivide(q = 31250, j = 1)
20:54:41,841 INFO  [com.matthewsgrand.Chapter2] - In longDivide(k = 33, j = 1000001, slow = false)
20:54:41,841 INFO  [com.matthewsgrand.Chapter2] - Out longDivide(q = 30303, j = 2)
20:54:41,841 INFO  [com.matthewsgrand.Chapter2] - In longDivide(k = 34, j = 1000001, slow = false)
20:54:41,841 INFO  [com.matthewsgrand.Chapter2] - Out longDivide(q = 29411, j = 27)
20:54:41,841 INFO  [com.matthewsgrand.Chapter2] - In longDivide(k = 35, j = 1000001, slow = false)
20:54:41,841 INFO  [com.matthewsgrand.Chapter2] - Out longDivide(q = 28571, j = 16)
20:54:41,841 INFO  [com.matthewsgrand.Chapter2] - In longDivide(k = 36, j = 1000001, slow = false)
20:54:41,842 INFO  [com.matthewsgrand.Chapter2] - Out longDivide(q = 27777, j = 29)
20:54:41,842 INFO  [com.matthewsgrand.Chapter2] - In longDivide(k = 37, j = 1000001, slow = false)
20:54:41,842 INFO  [com.matthewsgrand.Chapter2] - Out longDivide(q = 27027, j = 2)
20:54:41,842 INFO  [com.matthewsgrand.Chapter2] - In longDivide(k = 38, j = 1000001, slow = false)
20:54:41,842 INFO  [com.matthewsgrand.Chapter2] - Out longDivide(q = 26315, j = 31)
20:54:41,842 INFO  [com.matthewsgrand.Chapter2] - In longDivide(k = 39, j = 1000001, slow = false)
20:54:41,842 INFO  [com.matthewsgrand.Chapter2] - Out longDivide(q = 25641, j = 2)
20:54:41,842 INFO  [com.matthewsgrand.Chapter2] - In longDivide(k = 40, j = 1000001, slow = false)
20:54:41,842 INFO  [com.matthewsgrand.Chapter2] - Out longDivide(q = 25000, j = 1)
20:54:41,842 INFO  [com.matthewsgrand.Chapter2] - In longDivide(k = 41, j = 1000001, slow = false)
20:54:41,842 INFO  [com.matthewsgrand.Chapter2] - Out longDivide(q = 24390, j = 11)
20:54:41,842 INFO  [com.matthewsgrand.Chapter2] - In longDivide(k = 42, j = 1000001, slow = false)
20:54:41,842 INFO  [com.matthewsgrand.Chapter2] - Out longDivide(q = 23809, j = 23)
20:54:41,842 INFO  [com.matthewsgrand.Chapter2] - In longDivide(k = 43, j = 1000001, slow = false)
20:54:41,842 INFO  [com.matthewsgrand.Chapter2] - Out longDivide(q = 23255, j = 36)
20:54:41,842 INFO  [com.matthewsgrand.Chapter2] - In longDivide(k = 44, j = 1000001, slow = false)
20:54:41,842 INFO  [com.matthewsgrand.Chapter2] - Out longDivide(q = 22727, j = 13)
20:54:41,842 INFO  [com.matthewsgrand.Chapter2] - In longDivide(k = 45, j = 1000001, slow = false)
20:54:41,842 INFO  [com.matthewsgrand.Chapter2] - Out longDivide(q = 22222, j = 11)
20:54:41,842 INFO  [com.matthewsgrand.Chapter2] - In longDivide(k = 46, j = 1000001, slow = false)
20:54:41,842 INFO  [com.matthewsgrand.Chapter2] - Out longDivide(q = 21739, j = 7)
20:54:41,842 INFO  [com.matthewsgrand.Chapter2] - In longDivide(k = 47, j = 1000001, slow = false)
20:54:41,842 INFO  [com.matthewsgrand.Chapter2] - Out longDivide(q = 21276, j = 29)
20:54:41,844 INFO  [com.matthewsgrand.Chapter2] - In longDivide(k = 48, j = 1000001, slow = false)
20:54:41,844 INFO  [com.matthewsgrand.Chapter2] - Out longDivide(q = 20833, j = 17)
20:54:41,844 INFO  [com.matthewsgrand.Chapter2] - In longDivide(k = 49, j = 1000001, slow = false)
20:54:41,844 INFO  [com.matthewsgrand.Chapter2] - Out longDivide(q = 20408, j = 9)
20:54:41,844 INFO  [com.matthewsgrand.Chapter2] - In longDivide(k = 50, j = 1000001, slow = false)
20:54:41,844 INFO  [com.matthewsgrand.Chapter2] - Out longDivide(q = 20000, j = 1)
20:54:41,845 INFO  [com.matthewsgrand.Chapter2] - In longDivide(k = 51, j = 1000001, slow = false)
20:54:41,845 INFO  [com.matthewsgrand.Chapter2] - Out longDivide(q = 19607, j = 44)
20:54:41,845 INFO  [com.matthewsgrand.Chapter2] - In longDivide(k = 52, j = 1000001, slow = false)
20:54:41,845 INFO  [com.matthewsgrand.Chapter2] - Out longDivide(q = 19230, j = 41)
20:54:41,845 INFO  [com.matthewsgrand.Chapter2] - In longDivide(k = 53, j = 1000001, slow = false)
20:54:41,845 INFO  [com.matthewsgrand.Chapter2] - Out longDivide(q = 18867, j = 50)
20:54:41,845 INFO  [com.matthewsgrand.Chapter2] - In longDivide(k = 54, j = 1000001, slow = false)
20:54:41,845 INFO  [com.matthewsgrand.Chapter2] - Out longDivide(q = 18518, j = 29)
20:54:41,846 INFO  [com.matthewsgrand.Chapter2] - In longDivide(k = 55, j = 1000001, slow = false)
20:54:41,847 INFO  [com.matthewsgrand.Chapter2] - Out longDivide(q = 18181, j = 46)
20:54:41,847 INFO  [com.matthewsgrand.Chapter2] - In longDivide(k = 56, j = 1000001, slow = false)
20:54:41,847 INFO  [com.matthewsgrand.Chapter2] - Out longDivide(q = 17857, j = 9)
20:54:41,847 INFO  [com.matthewsgrand.Chapter2] - In longDivide(k = 57, j = 1000001, slow = false)
20:54:41,848 INFO  [com.matthewsgrand.Chapter2] - Out longDivide(q = 17543, j = 50)
20:54:41,848 INFO  [com.matthewsgrand.Chapter2] - In longDivide(k = 58, j = 1000001, slow = false)
20:54:41,848 INFO  [com.matthewsgrand.Chapter2] - Out longDivide(q = 17241, j = 23)
20:54:41,848 INFO  [com.matthewsgrand.Chapter2] - In longDivide(k = 59, j = 1000001, slow = false)
20:54:41,848 INFO  [com.matthewsgrand.Chapter2] - Out longDivide(q = 16949, j = 10)
20:54:41,848 INFO  [com.matthewsgrand.Chapter2] - In longDivide(k = 60, j = 1000001, slow = false)
20:54:41,850 INFO  [com.matthewsgrand.Chapter2] - Out longDivide(q = 16666, j = 41)
20:54:41,850 INFO  [com.matthewsgrand.Chapter2] - In longDivide(k = 61, j = 1000001, slow = false)
20:54:41,850 INFO  [com.matthewsgrand.Chapter2] - Out longDivide(q = 16393, j = 28)
20:54:41,851 INFO  [com.matthewsgrand.Chapter2] - In longDivide(k = 62, j = 1000001, slow = false)
20:54:41,851 INFO  [com.matthewsgrand.Chapter2] - Out longDivide(q = 16129, j = 3)
20:54:41,851 INFO  [com.matthewsgrand.Chapter2] - In longDivide(k = 63, j = 1000001, slow = false)
20:54:41,851 INFO  [com.matthewsgrand.Chapter2] - Out longDivide(q = 15873, j = 2)
20:54:41,853 INFO  [com.matthewsgrand.Chapter2] - In longDivide(k = 64, j = 1000001, slow = false)
20:54:41,853 INFO  [com.matthewsgrand.Chapter2] - Out longDivide(q = 15625, j = 1)
20:54:41,853 INFO  [com.matthewsgrand.Chapter2] - In longDivide(k = 65, j = 1000001, slow = false)
20:54:41,853 INFO  [com.matthewsgrand.Chapter2] - Out longDivide(q = 15384, j = 41)
20:54:41,853 INFO  [com.matthewsgrand.Chapter2] - In longDivide(k = 66, j = 1000001, slow = false)
20:54:41,854 INFO  [com.matthewsgrand.Chapter2] - Out longDivide(q = 15151, j = 35)
20:54:41,854 INFO  [com.matthewsgrand.Chapter2] - In longDivide(k = 67, j = 1000001, slow = false)
20:54:41,854 INFO  [com.matthewsgrand.Chapter2] - Out longDivide(q = 14925, j = 26)
20:54:41,854 INFO  [com.matthewsgrand.Chapter2] - In longDivide(k = 68, j = 1000001, slow = false)
20:54:41,854 INFO  [com.matthewsgrand.Chapter2] - Out longDivide(q = 14705, j = 61)
20:54:41,854 INFO  [com.matthewsgrand.Chapter2] - In longDivide(k = 69, j = 1000001, slow = false)
20:54:41,854 INFO  [com.matthewsgrand.Chapter2] - Out longDivide(q = 14492, j = 53)
20:54:41,854 INFO  [com.matthewsgrand.Chapter2] - In longDivide(k = 70, j = 1000001, slow = false)
20:54:41,854 INFO  [com.matthewsgrand.Chapter2] - Out longDivide(q = 14285, j = 51)
20:54:41,854 INFO  [com.matthewsgrand.Chapter2] - In longDivide(k = 71, j = 1000001, slow = false)
20:54:41,854 INFO  [com.matthewsgrand.Chapter2] - Out longDivide(q = 14084, j = 37)
20:54:41,854 INFO  [com.matthewsgrand.Chapter2] - In longDivide(k = 72, j = 1000001, slow = false)
20:54:41,855 INFO  [com.matthewsgrand.Chapter2] - Out longDivide(q = 13888, j = 65)
20:54:41,855 INFO  [com.matthewsgrand.Chapter2] - In longDivide(k = 73, j = 1000001, slow = false)
20:54:41,856 INFO  [com.matthewsgrand.Chapter2] - Out longDivide(q = 13698, j = 47)
20:54:41,856 INFO  [com.matthewsgrand.Chapter2] - In longDivide(k = 74, j = 1000001, slow = false)
20:54:41,856 INFO  [com.matthewsgrand.Chapter2] - Out longDivide(q = 13513, j = 39)
20:54:41,856 INFO  [com.matthewsgrand.Chapter2] - In longDivide(k = 75, j = 1000001, slow = false)
20:54:41,856 INFO  [com.matthewsgrand.Chapter2] - Out longDivide(q = 13333, j = 26)
20:54:41,856 INFO  [com.matthewsgrand.Chapter2] - In longDivide(k = 76, j = 1000001, slow = false)
20:54:41,857 INFO  [com.matthewsgrand.Chapter2] - Out longDivide(q = 13157, j = 69)
20:54:41,857 INFO  [com.matthewsgrand.Chapter2] - In longDivide(k = 77, j = 1000001, slow = false)
20:54:41,857 INFO  [com.matthewsgrand.Chapter2] - Out longDivide(q = 12987, j = 2)
20:54:41,857 INFO  [com.matthewsgrand.Chapter2] - In longDivide(k = 78, j = 1000001, slow = false)
20:54:41,857 INFO  [com.matthewsgrand.Chapter2] - Out longDivide(q = 12820, j = 41)
20:54:41,857 INFO  [com.matthewsgrand.Chapter2] - In longDivide(k = 79, j = 1000001, slow = false)
20:54:41,858 INFO  [com.matthewsgrand.Chapter2] - Out longDivide(q = 12658, j = 19)
20:54:41,858 INFO  [com.matthewsgrand.Chapter2] - In longDivide(k = 80, j = 1000001, slow = false)
20:54:41,858 INFO  [com.matthewsgrand.Chapter2] - Out longDivide(q = 12500, j = 1)
20:54:41,858 INFO  [com.matthewsgrand.Chapter2] - In longDivide(k = 81, j = 1000001, slow = false)
20:54:41,858 INFO  [com.matthewsgrand.Chapter2] - Out longDivide(q = 12345, j = 56)
20:54:41,858 INFO  [com.matthewsgrand.Chapter2] - In longDivide(k = 82, j = 1000001, slow = false)
20:54:41,859 INFO  [com.matthewsgrand.Chapter2] - Out longDivide(q = 12195, j = 11)
20:54:41,859 INFO  [com.matthewsgrand.Chapter2] - In longDivide(k = 83, j = 1000001, slow = false)
20:54:41,859 INFO  [com.matthewsgrand.Chapter2] - Out longDivide(q = 12048, j = 17)
20:54:41,859 INFO  [com.matthewsgrand.Chapter2] - In longDivide(k = 84, j = 1000001, slow = false)
20:54:41,860 INFO  [com.matthewsgrand.Chapter2] - Out longDivide(q = 11904, j = 65)
20:54:41,860 INFO  [com.matthewsgrand.Chapter2] - In longDivide(k = 85, j = 1000001, slow = false)
20:54:41,860 INFO  [com.matthewsgrand.Chapter2] - Out longDivide(q = 11764, j = 61)
20:54:41,860 INFO  [com.matthewsgrand.Chapter2] - In longDivide(k = 86, j = 1000001, slow = false)
20:54:41,861 INFO  [com.matthewsgrand.Chapter2] - Out longDivide(q = 11627, j = 79)
20:54:41,861 INFO  [com.matthewsgrand.Chapter2] - In longDivide(k = 87, j = 1000001, slow = false)
20:54:41,861 INFO  [com.matthewsgrand.Chapter2] - Out longDivide(q = 11494, j = 23)
20:54:41,861 INFO  [com.matthewsgrand.Chapter2] - In longDivide(k = 88, j = 1000001, slow = false)
20:54:41,861 INFO  [com.matthewsgrand.Chapter2] - Out longDivide(q = 11363, j = 57)
20:54:41,861 INFO  [com.matthewsgrand.Chapter2] - In longDivide(k = 89, j = 1000001, slow = false)
20:54:41,861 INFO  [com.matthewsgrand.Chapter2] - Out longDivide(q = 11235, j = 86)
20:54:41,861 INFO  [com.matthewsgrand.Chapter2] - In longDivide(k = 90, j = 1000001, slow = false)
20:54:41,862 INFO  [com.matthewsgrand.Chapter2] - Out longDivide(q = 11111, j = 11)
20:54:41,862 INFO  [com.matthewsgrand.Chapter2] - In longDivide(k = 91, j = 1000001, slow = false)
20:54:41,862 INFO  [com.matthewsgrand.Chapter2] - Out longDivide(q = 10989, j = 2)
20:54:41,862 INFO  [com.matthewsgrand.Chapter2] - In longDivide(k = 92, j = 1000001, slow = false)
20:54:41,862 INFO  [com.matthewsgrand.Chapter2] - Out longDivide(q = 10869, j = 53)
20:54:41,863 INFO  [com.matthewsgrand.Chapter2] - In longDivide(k = 93, j = 1000001, slow = false)
20:54:41,863 INFO  [com.matthewsgrand.Chapter2] - Out longDivide(q = 10752, j = 65)
20:54:41,863 INFO  [com.matthewsgrand.Chapter2] - In longDivide(k = 94, j = 1000001, slow = false)
20:54:41,864 INFO  [com.matthewsgrand.Chapter2] - Out longDivide(q = 10638, j = 29)
20:54:41,864 INFO  [com.matthewsgrand.Chapter2] - In longDivide(k = 95, j = 1000001, slow = false)
20:54:41,864 INFO  [com.matthewsgrand.Chapter2] - Out longDivide(q = 10526, j = 31)
20:54:41,864 INFO  [com.matthewsgrand.Chapter2] - In longDivide(k = 96, j = 1000001, slow = false)
20:54:41,864 INFO  [com.matthewsgrand.Chapter2] - Out longDivide(q = 10416, j = 65)
20:54:41,864 INFO  [com.matthewsgrand.Chapter2] - In longDivide(k = 97, j = 1000001, slow = false)
20:54:41,866 INFO  [com.matthewsgrand.Chapter2] - Out longDivide(q = 10309, j = 28)
20:54:41,866 INFO  [com.matthewsgrand.Chapter2] - In longDivide(k = 98, j = 1000001, slow = false)
20:54:41,866 INFO  [com.matthewsgrand.Chapter2] - Out longDivide(q = 10204, j = 9)
20:54:41,866 INFO  [com.matthewsgrand.Chapter2] - In longDivide(k = 99, j = 1000001, slow = false)
20:54:41,866 INFO  [com.matthewsgrand.Chapter2] - Out longDivide(q = 10101, j = 2)
20:54:41,866 INFO  [com.matthewsgrand.Chapter2] - In longDivide(k = 100, j = 1000001, slow = false)
20:54:41,866 INFO  [com.matthewsgrand.Chapter2] - Out longDivide(q = 10000, j = 1)
20:54:41,866 INFO  [com.matthewsgrand.Chapter2] - In longDivide(k = 101, j = 1000001, slow = false)
20:54:41,866 INFO  [com.matthewsgrand.Chapter2] - Out longDivide(q = 9901, j = 0)
20:54:41,867 INFO  [com.matthewsgrand.mwgMethods] - In sqrtInt(i = 9901)
20:54:41,869 INFO  [com.matthewsgrand.mwgMethods] - Out sqrtInt(r = 99)
20:54:41,873 INFO  [com.matthewsgrand.Chapter2] - In longDivide(k = 2, j = 9901, slow = false)
20:54:41,873 INFO  [com.matthewsgrand.Chapter2] - Out longDivide(q = 4950, j = 1)
20:54:41,873 INFO  [com.matthewsgrand.Chapter2] - In longDivide(k = 3, j = 9901, slow = false)
20:54:41,874 INFO  [com.matthewsgrand.Chapter2] - Out longDivide(q = 3300, j = 1)
20:54:41,876 INFO  [com.matthewsgrand.Chapter2] - In longDivide(k = 4, j = 9901, slow = false)
20:54:41,876 INFO  [com.matthewsgrand.Chapter2] - Out longDivide(q = 2475, j = 1)
20:54:41,876 INFO  [com.matthewsgrand.Chapter2] - In longDivide(k = 5, j = 9901, slow = false)
20:54:41,876 INFO  [com.matthewsgrand.Chapter2] - Out longDivide(q = 1980, j = 1)
20:54:41,876 INFO  [com.matthewsgrand.Chapter2] - In longDivide(k = 6, j = 9901, slow = false)
20:54:41,876 INFO  [com.matthewsgrand.Chapter2] - Out longDivide(q = 1650, j = 1)
20:54:41,877 INFO  [com.matthewsgrand.Chapter2] - In longDivide(k = 7, j = 9901, slow = false)
20:54:41,877 INFO  [com.matthewsgrand.Chapter2] - Out longDivide(q = 1414, j = 3)
20:54:41,877 INFO  [com.matthewsgrand.Chapter2] - In longDivide(k = 8, j = 9901, slow = false)
20:54:41,878 INFO  [com.matthewsgrand.Chapter2] - Out longDivide(q = 1237, j = 5)
20:54:41,878 INFO  [com.matthewsgrand.Chapter2] - In longDivide(k = 9, j = 9901, slow = false)
20:54:41,878 INFO  [com.matthewsgrand.Chapter2] - Out longDivide(q = 1100, j = 1)
20:54:41,878 INFO  [com.matthewsgrand.Chapter2] - In longDivide(k = 10, j = 9901, slow = false)
20:54:41,878 INFO  [com.matthewsgrand.Chapter2] - Out longDivide(q = 990, j = 1)
20:54:41,878 INFO  [com.matthewsgrand.Chapter2] - In longDivide(k = 11, j = 9901, slow = false)
20:54:41,878 INFO  [com.matthewsgrand.Chapter2] - Out longDivide(q = 900, j = 1)
20:54:41,879 INFO  [com.matthewsgrand.Chapter2] - In longDivide(k = 12, j = 9901, slow = false)
20:54:41,879 INFO  [com.matthewsgrand.Chapter2] - Out longDivide(q = 825, j = 1)
20:54:41,879 INFO  [com.matthewsgrand.Chapter2] - In longDivide(k = 13, j = 9901, slow = false)
20:54:41,879 INFO  [com.matthewsgrand.Chapter2] - Out longDivide(q = 761, j = 8)
20:54:41,879 INFO  [com.matthewsgrand.Chapter2] - In longDivide(k = 14, j = 9901, slow = false)
20:54:41,879 INFO  [com.matthewsgrand.Chapter2] - Out longDivide(q = 707, j = 3)
20:54:41,879 INFO  [com.matthewsgrand.Chapter2] - In longDivide(k = 15, j = 9901, slow = false)
20:54:41,879 INFO  [com.matthewsgrand.Chapter2] - Out longDivide(q = 660, j = 1)
20:54:41,880 INFO  [com.matthewsgrand.Chapter2] - In longDivide(k = 16, j = 9901, slow = false)
20:54:41,881 INFO  [com.matthewsgrand.Chapter2] - Out longDivide(q = 618, j = 13)
20:54:41,881 INFO  [com.matthewsgrand.Chapter2] - In longDivide(k = 17, j = 9901, slow = false)
20:54:41,881 INFO  [com.matthewsgrand.Chapter2] - Out longDivide(q = 582, j = 7)
20:54:41,881 INFO  [com.matthewsgrand.Chapter2] - In longDivide(k = 18, j = 9901, slow = false)
20:54:41,881 INFO  [com.matthewsgrand.Chapter2] - Out longDivide(q = 550, j = 1)
20:54:41,881 INFO  [com.matthewsgrand.Chapter2] - In longDivide(k = 19, j = 9901, slow = false)
20:54:41,881 INFO  [com.matthewsgrand.Chapter2] - Out longDivide(q = 521, j = 2)
20:54:41,881 INFO  [com.matthewsgrand.Chapter2] - In longDivide(k = 20, j = 9901, slow = false)
20:54:41,881 INFO  [com.matthewsgrand.Chapter2] - Out longDivide(q = 495, j = 1)
20:54:41,881 INFO  [com.matthewsgrand.Chapter2] - In longDivide(k = 21, j = 9901, slow = false)
20:54:41,881 INFO  [com.matthewsgrand.Chapter2] - Out longDivide(q = 471, j = 10)
20:54:41,881 INFO  [com.matthewsgrand.Chapter2] - In longDivide(k = 22, j = 9901, slow = false)
20:54:41,881 INFO  [com.matthewsgrand.Chapter2] - Out longDivide(q = 450, j = 1)
20:54:41,881 INFO  [com.matthewsgrand.Chapter2] - In longDivide(k = 23, j = 9901, slow = false)
20:54:41,881 INFO  [com.matthewsgrand.Chapter2] - Out longDivide(q = 430, j = 11)
20:54:41,881 INFO  [com.matthewsgrand.Chapter2] - In longDivide(k = 24, j = 9901, slow = false)
20:54:41,881 INFO  [com.matthewsgrand.Chapter2] - Out longDivide(q = 412, j = 13)
20:54:41,882 INFO  [com.matthewsgrand.Chapter2] - In longDivide(k = 25, j = 9901, slow = false)
20:54:41,882 INFO  [com.matthewsgrand.Chapter2] - Out longDivide(q = 396, j = 1)
20:54:41,882 INFO  [com.matthewsgrand.Chapter2] - In longDivide(k = 26, j = 9901, slow = false)
20:54:41,882 INFO  [com.matthewsgrand.Chapter2] - Out longDivide(q = 380, j = 21)
20:54:41,882 INFO  [com.matthewsgrand.Chapter2] - In longDivide(k = 27, j = 9901, slow = false)
20:54:41,882 INFO  [com.matthewsgrand.Chapter2] - Out longDivide(q = 366, j = 19)
20:54:41,882 INFO  [com.matthewsgrand.Chapter2] - In longDivide(k = 28, j = 9901, slow = false)
20:54:41,882 INFO  [com.matthewsgrand.Chapter2] - Out longDivide(q = 353, j = 17)
20:54:41,883 INFO  [com.matthewsgrand.Chapter2] - In longDivide(k = 29, j = 9901, slow = false)
20:54:41,883 INFO  [com.matthewsgrand.Chapter2] - Out longDivide(q = 341, j = 12)
20:54:41,883 INFO  [com.matthewsgrand.Chapter2] - In longDivide(k = 30, j = 9901, slow = false)
20:54:41,883 INFO  [com.matthewsgrand.Chapter2] - Out longDivide(q = 330, j = 1)
20:54:41,883 INFO  [com.matthewsgrand.Chapter2] - In longDivide(k = 31, j = 9901, slow = false)
20:54:41,883 INFO  [com.matthewsgrand.Chapter2] - Out longDivide(q = 319, j = 12)
20:54:41,884 INFO  [com.matthewsgrand.Chapter2] - In longDivide(k = 32, j = 9901, slow = false)
20:54:41,885 INFO  [com.matthewsgrand.Chapter2] - Out longDivide(q = 309, j = 13)
20:54:41,885 INFO  [com.matthewsgrand.Chapter2] - In longDivide(k = 33, j = 9901, slow = false)
20:54:41,885 INFO  [com.matthewsgrand.Chapter2] - Out longDivide(q = 300, j = 1)
20:54:41,885 INFO  [com.matthewsgrand.Chapter2] - In longDivide(k = 34, j = 9901, slow = false)
20:54:41,885 INFO  [com.matthewsgrand.Chapter2] - Out longDivide(q = 291, j = 7)
20:54:41,885 INFO  [com.matthewsgrand.Chapter2] - In longDivide(k = 35, j = 9901, slow = false)
20:54:41,885 INFO  [com.matthewsgrand.Chapter2] - Out longDivide(q = 282, j = 31)
20:54:41,886 INFO  [com.matthewsgrand.Chapter2] - In longDivide(k = 36, j = 9901, slow = false)
20:54:41,886 INFO  [com.matthewsgrand.Chapter2] - Out longDivide(q = 275, j = 1)
20:54:41,886 INFO  [com.matthewsgrand.Chapter2] - In longDivide(k = 37, j = 9901, slow = false)
20:54:41,886 INFO  [com.matthewsgrand.Chapter2] - Out longDivide(q = 267, j = 22)
20:54:41,886 INFO  [com.matthewsgrand.Chapter2] - In longDivide(k = 38, j = 9901, slow = false)
20:54:41,886 INFO  [com.matthewsgrand.Chapter2] - Out longDivide(q = 260, j = 21)
20:54:41,886 INFO  [com.matthewsgrand.Chapter2] - In longDivide(k = 39, j = 9901, slow = false)
20:54:41,886 INFO  [com.matthewsgrand.Chapter2] - Out longDivide(q = 253, j = 34)
20:54:41,886 INFO  [com.matthewsgrand.Chapter2] - In longDivide(k = 40, j = 9901, slow = false)
20:54:41,887 INFO  [com.matthewsgrand.Chapter2] - Out longDivide(q = 247, j = 21)
20:54:41,887 INFO  [com.matthewsgrand.Chapter2] - In longDivide(k = 41, j = 9901, slow = false)
20:54:41,887 INFO  [com.matthewsgrand.Chapter2] - Out longDivide(q = 241, j = 20)
20:54:41,887 INFO  [com.matthewsgrand.Chapter2] - In longDivide(k = 42, j = 9901, slow = false)
20:54:41,887 INFO  [com.matthewsgrand.Chapter2] - Out longDivide(q = 235, j = 31)
20:54:41,887 INFO  [com.matthewsgrand.Chapter2] - In longDivide(k = 43, j = 9901, slow = false)
20:54:41,887 INFO  [com.matthewsgrand.Chapter2] - Out longDivide(q = 230, j = 11)
20:54:41,888 INFO  [com.matthewsgrand.Chapter2] - In longDivide(k = 44, j = 9901, slow = false)
20:54:41,888 INFO  [com.matthewsgrand.Chapter2] - Out longDivide(q = 225, j = 1)
20:54:41,888 INFO  [com.matthewsgrand.Chapter2] - In longDivide(k = 45, j = 9901, slow = false)
20:54:41,888 INFO  [com.matthewsgrand.Chapter2] - Out longDivide(q = 220, j = 1)
20:54:41,888 INFO  [com.matthewsgrand.Chapter2] - In longDivide(k = 46, j = 9901, slow = false)
20:54:41,888 INFO  [com.matthewsgrand.Chapter2] - Out longDivide(q = 215, j = 11)
20:54:41,888 INFO  [com.matthewsgrand.Chapter2] - In longDivide(k = 47, j = 9901, slow = false)
20:54:41,888 INFO  [com.matthewsgrand.Chapter2] - Out longDivide(q = 210, j = 31)
20:54:41,888 INFO  [com.matthewsgrand.Chapter2] - In longDivide(k = 48, j = 9901, slow = false)
20:54:41,888 INFO  [com.matthewsgrand.Chapter2] - Out longDivide(q = 206, j = 13)
20:54:41,888 INFO  [com.matthewsgrand.Chapter2] - In longDivide(k = 49, j = 9901, slow = false)
20:54:41,889 INFO  [com.matthewsgrand.Chapter2] - Out longDivide(q = 202, j = 3)
20:54:41,889 INFO  [com.matthewsgrand.Chapter2] - In longDivide(k = 50, j = 9901, slow = false)
20:54:41,889 INFO  [com.matthewsgrand.Chapter2] - Out longDivide(q = 198, j = 1)
20:54:41,889 INFO  [com.matthewsgrand.Chapter2] - In longDivide(k = 51, j = 9901, slow = false)
20:54:41,889 INFO  [com.matthewsgrand.Chapter2] - Out longDivide(q = 194, j = 7)
20:54:41,889 INFO  [com.matthewsgrand.Chapter2] - In longDivide(k = 52, j = 9901, slow = false)
20:54:41,889 INFO  [com.matthewsgrand.Chapter2] - Out longDivide(q = 190, j = 21)
20:54:41,889 INFO  [com.matthewsgrand.Chapter2] - In longDivide(k = 53, j = 9901, slow = false)
20:54:41,889 INFO  [com.matthewsgrand.Chapter2] - Out longDivide(q = 186, j = 43)
20:54:41,889 INFO  [com.matthewsgrand.Chapter2] - In longDivide(k = 54, j = 9901, slow = false)
20:54:41,889 INFO  [com.matthewsgrand.Chapter2] - Out longDivide(q = 183, j = 19)
20:54:41,890 INFO  [com.matthewsgrand.Chapter2] - In longDivide(k = 55, j = 9901, slow = false)
20:54:41,890 INFO  [com.matthewsgrand.Chapter2] - Out longDivide(q = 180, j = 1)
20:54:41,890 INFO  [com.matthewsgrand.Chapter2] - In longDivide(k = 56, j = 9901, slow = false)
20:54:41,890 INFO  [com.matthewsgrand.Chapter2] - Out longDivide(q = 176, j = 45)
20:54:41,890 INFO  [com.matthewsgrand.Chapter2] - In longDivide(k = 57, j = 9901, slow = false)
20:54:41,890 INFO  [com.matthewsgrand.Chapter2] - Out longDivide(q = 173, j = 40)
20:54:41,890 INFO  [com.matthewsgrand.Chapter2] - In longDivide(k = 58, j = 9901, slow = false)
20:54:41,890 INFO  [com.matthewsgrand.Chapter2] - Out longDivide(q = 170, j = 41)
20:54:41,890 INFO  [com.matthewsgrand.Chapter2] - In longDivide(k = 59, j = 9901, slow = false)
20:54:41,890 INFO  [com.matthewsgrand.Chapter2] - Out longDivide(q = 167, j = 48)
20:54:41,890 INFO  [com.matthewsgrand.Chapter2] - In longDivide(k = 60, j = 9901, slow = false)
20:54:41,890 INFO  [com.matthewsgrand.Chapter2] - Out longDivide(q = 165, j = 1)
20:54:41,890 INFO  [com.matthewsgrand.Chapter2] - In longDivide(k = 61, j = 9901, slow = false)
20:54:41,890 INFO  [com.matthewsgrand.Chapter2] - Out longDivide(q = 162, j = 19)
20:54:41,890 INFO  [com.matthewsgrand.Chapter2] - In longDivide(k = 62, j = 9901, slow = false)
20:54:41,890 INFO  [com.matthewsgrand.Chapter2] - Out longDivide(q = 159, j = 43)
20:54:41,890 INFO  [com.matthewsgrand.Chapter2] - In longDivide(k = 63, j = 9901, slow = false)
20:54:41,890 INFO  [com.matthewsgrand.Chapter2] - Out longDivide(q = 157, j = 10)
20:54:41,893 INFO  [com.matthewsgrand.Chapter2] - In longDivide(k = 64, j = 9901, slow = false)
20:54:41,893 INFO  [com.matthewsgrand.Chapter2] - Out longDivide(q = 154, j = 45)
20:54:41,893 INFO  [com.matthewsgrand.Chapter2] - In longDivide(k = 65, j = 9901, slow = false)
20:54:41,893 INFO  [com.matthewsgrand.Chapter2] - Out longDivide(q = 152, j = 21)
20:54:41,893 INFO  [com.matthewsgrand.Chapter2] - In longDivide(k = 66, j = 9901, slow = false)
20:54:41,893 INFO  [com.matthewsgrand.Chapter2] - Out longDivide(q = 150, j = 1)
20:54:41,893 INFO  [com.matthewsgrand.Chapter2] - In longDivide(k = 67, j = 9901, slow = false)
20:54:41,893 INFO  [com.matthewsgrand.Chapter2] - Out longDivide(q = 147, j = 52)
20:54:41,893 INFO  [com.matthewsgrand.Chapter2] - In longDivide(k = 68, j = 9901, slow = false)
20:54:41,893 INFO  [com.matthewsgrand.Chapter2] - Out longDivide(q = 145, j = 41)
20:54:41,893 INFO  [com.matthewsgrand.Chapter2] - In longDivide(k = 69, j = 9901, slow = false)
20:54:41,893 INFO  [com.matthewsgrand.Chapter2] - Out longDivide(q = 143, j = 34)
20:54:41,894 INFO  [com.matthewsgrand.Chapter2] - In longDivide(k = 70, j = 9901, slow = false)
20:54:41,894 INFO  [com.matthewsgrand.Chapter2] - Out longDivide(q = 141, j = 31)
20:54:41,894 INFO  [com.matthewsgrand.Chapter2] - In longDivide(k = 71, j = 9901, slow = false)
20:54:41,894 INFO  [com.matthewsgrand.Chapter2] - Out longDivide(q = 139, j = 32)
20:54:41,894 INFO  [com.matthewsgrand.Chapter2] - In longDivide(k = 72, j = 9901, slow = false)
20:54:41,894 INFO  [com.matthewsgrand.Chapter2] - Out longDivide(q = 137, j = 37)
20:54:41,894 INFO  [com.matthewsgrand.Chapter2] - In longDivide(k = 73, j = 9901, slow = false)
20:54:41,894 INFO  [com.matthewsgrand.Chapter2] - Out longDivide(q = 135, j = 46)
20:54:41,894 INFO  [com.matthewsgrand.Chapter2] - In longDivide(k = 74, j = 9901, slow = false)
20:54:41,894 INFO  [com.matthewsgrand.Chapter2] - Out longDivide(q = 133, j = 59)
20:54:41,894 INFO  [com.matthewsgrand.Chapter2] - In longDivide(k = 75, j = 9901, slow = false)
20:54:41,894 INFO  [com.matthewsgrand.Chapter2] - Out longDivide(q = 132, j = 1)
20:54:41,894 INFO  [com.matthewsgrand.Chapter2] - In longDivide(k = 76, j = 9901, slow = false)
20:54:41,894 INFO  [com.matthewsgrand.Chapter2] - Out longDivide(q = 130, j = 21)
20:54:41,894 INFO  [com.matthewsgrand.Chapter2] - In longDivide(k = 77, j = 9901, slow = false)
20:54:41,894 INFO  [com.matthewsgrand.Chapter2] - Out longDivide(q = 128, j = 45)
20:54:41,894 INFO  [com.matthewsgrand.Chapter2] - In longDivide(k = 78, j = 9901, slow = false)
20:54:41,894 INFO  [com.matthewsgrand.Chapter2] - Out longDivide(q = 126, j = 73)
20:54:41,894 INFO  [com.matthewsgrand.Chapter2] - In longDivide(k = 79, j = 9901, slow = false)
20:54:41,894 INFO  [com.matthewsgrand.Chapter2] - Out longDivide(q = 125, j = 26)
20:54:41,895 INFO  [com.matthewsgrand.Chapter2] - In longDivide(k = 80, j = 9901, slow = false)
20:54:41,895 INFO  [com.matthewsgrand.Chapter2] - Out longDivide(q = 123, j = 61)
20:54:41,895 INFO  [com.matthewsgrand.Chapter2] - In longDivide(k = 81, j = 9901, slow = false)
20:54:41,895 INFO  [com.matthewsgrand.Chapter2] - Out longDivide(q = 122, j = 19)
20:54:41,895 INFO  [com.matthewsgrand.Chapter2] - In longDivide(k = 82, j = 9901, slow = false)
20:54:41,895 INFO  [com.matthewsgrand.Chapter2] - Out longDivide(q = 120, j = 61)
20:54:41,895 INFO  [com.matthewsgrand.Chapter2] - In longDivide(k = 83, j = 9901, slow = false)
20:54:41,895 INFO  [com.matthewsgrand.Chapter2] - Out longDivide(q = 119, j = 24)
20:54:41,896 INFO  [com.matthewsgrand.Chapter2] - In longDivide(k = 84, j = 9901, slow = false)
20:54:41,896 INFO  [com.matthewsgrand.Chapter2] - Out longDivide(q = 117, j = 73)
20:54:41,896 INFO  [com.matthewsgrand.Chapter2] - In longDivide(k = 85, j = 9901, slow = false)
20:54:41,896 INFO  [com.matthewsgrand.Chapter2] - Out longDivide(q = 116, j = 41)
20:54:41,896 INFO  [com.matthewsgrand.Chapter2] - In longDivide(k = 86, j = 9901, slow = false)
20:54:41,896 INFO  [com.matthewsgrand.Chapter2] - Out longDivide(q = 115, j = 11)
20:54:41,896 INFO  [com.matthewsgrand.Chapter2] - In longDivide(k = 87, j = 9901, slow = false)
20:54:41,896 INFO  [com.matthewsgrand.Chapter2] - Out longDivide(q = 113, j = 70)
20:54:41,896 INFO  [com.matthewsgrand.Chapter2] - In longDivide(k = 88, j = 9901, slow = false)
20:54:41,898 INFO  [com.matthewsgrand.Chapter2] - Out longDivide(q = 112, j = 45)
20:54:41,898 INFO  [com.matthewsgrand.Chapter2] - In longDivide(k = 89, j = 9901, slow = false)
20:54:41,898 INFO  [com.matthewsgrand.Chapter2] - Out longDivide(q = 111, j = 22)
20:54:41,898 INFO  [com.matthewsgrand.Chapter2] - In longDivide(k = 90, j = 9901, slow = false)
20:54:41,898 INFO  [com.matthewsgrand.Chapter2] - Out longDivide(q = 110, j = 1)
20:54:41,898 INFO  [com.matthewsgrand.Chapter2] - In longDivide(k = 91, j = 9901, slow = false)
20:54:41,898 INFO  [com.matthewsgrand.Chapter2] - Out longDivide(q = 108, j = 73)
20:54:41,898 INFO  [com.matthewsgrand.Chapter2] - In longDivide(k = 92, j = 9901, slow = false)
20:54:41,898 INFO  [com.matthewsgrand.Chapter2] - Out longDivide(q = 107, j = 57)
20:54:41,898 INFO  [com.matthewsgrand.Chapter2] - In longDivide(k = 93, j = 9901, slow = false)
20:54:41,898 INFO  [com.matthewsgrand.Chapter2] - Out longDivide(q = 106, j = 43)
20:54:41,898 INFO  [com.matthewsgrand.Chapter2] - In longDivide(k = 94, j = 9901, slow = false)
20:54:41,898 INFO  [com.matthewsgrand.Chapter2] - Out longDivide(q = 105, j = 31)
20:54:41,898 INFO  [com.matthewsgrand.Chapter2] - In longDivide(k = 95, j = 9901, slow = false)
20:54:41,898 INFO  [com.matthewsgrand.Chapter2] - Out longDivide(q = 104, j = 21)
20:54:41,898 INFO  [com.matthewsgrand.Chapter2] - In longDivide(k = 96, j = 9901, slow = false)
20:54:41,898 INFO  [com.matthewsgrand.Chapter2] - Out longDivide(q = 103, j = 13)
20:54:41,900 INFO  [com.matthewsgrand.Chapter2] - In longDivide(k = 97, j = 9901, slow = false)
20:54:41,900 INFO  [com.matthewsgrand.Chapter2] - Out longDivide(q = 102, j = 7)
20:54:41,900 INFO  [com.matthewsgrand.Chapter2] - In longDivide(k = 98, j = 9901, slow = false)
20:54:41,900 INFO  [com.matthewsgrand.Chapter2] - Out longDivide(q = 101, j = 3)
20:54:41,900 INFO  [com.matthewsgrand.Chapter2] - In longDivide(k = 99, j = 9901, slow = false)
20:54:41,900 INFO  [com.matthewsgrand.Chapter2] - Out longDivide(q = 100, j = 1)
20:54:41,903 INFO  [com.matthewsgrand.Chapter2] - Out the25(returnValue.length = 2)
20:54:41,903 INFO  [com.matthewsgrand.mwgMethods] - In arrToString(arr.length = 2)
20:54:41,903 INFO  [com.matthewsgrand.mwgMethods] - Out arrToString(r = { 101, 9901 })
20:54:41,908 INFO  [com.matthewsgrand.Chapter2] - Out learn25()
20:54:41,908 INFO  [com.matthewsgrand.mwgMethods] - In readFile(fileName = dia/theMenu.txt)
20:54:41,930 INFO  [com.matthewsgrand.mwgMethods] - Out readFile()
20:56:01,535 INFO  [com.matthewsgrand.Chapter2] - In learn25()
20:56:01,537 INFO  [com.matthewsgrand.mwgMethods] - In readInt(args.length = 1)
20:56:04,682 INFO  [com.matthewsgrand.mwgMethods] - Out readInt(r = 11231990)
20:56:04,684 INFO  [com.matthewsgrand.mwgMethods] - In clearConsole()
20:56:04,684 WARN  [com.matthewsgrand.mwgMethods] - Out clearConsole() early due to being manually turned off.
20:56:04,684 INFO  [com.matthewsgrand.Chapter2] - In the25(n = 11231990, slow = true)
20:56:04,684 INFO  [com.matthewsgrand.mwgMethods] - In sqrtInt(i = 11231990)
20:56:04,684 INFO  [com.matthewsgrand.mwgMethods] - Out sqrtInt(r = 3351)
20:56:04,686 INFO  [com.matthewsgrand.Chapter2] - In longDivide(k = 2, j = 11231990, slow = false)
20:56:04,708 INFO  [com.matthewsgrand.Chapter2] - Out longDivide(q = 5615995, j = 0)
20:56:04,710 INFO  [com.matthewsgrand.mwgMethods] - In sqrtInt(i = 5615995)
20:56:04,710 INFO  [com.matthewsgrand.mwgMethods] - Out sqrtInt(r = 2369)
20:56:04,712 INFO  [com.matthewsgrand.Chapter2] - In longDivide(k = 2, j = 5615995, slow = false)
20:56:04,722 INFO  [com.matthewsgrand.Chapter2] - Out longDivide(q = 2807997, j = 1)
20:56:04,723 INFO  [com.matthewsgrand.Chapter2] - In longDivide(k = 3, j = 5615995, slow = false)
20:56:04,731 INFO  [com.matthewsgrand.Chapter2] - Out longDivide(q = 1871998, j = 1)
20:56:04,732 INFO  [com.matthewsgrand.Chapter2] - In longDivide(k = 4, j = 5615995, slow = false)
20:56:04,735 INFO  [com.matthewsgrand.Chapter2] - Out longDivide(q = 1403998, j = 3)
20:56:04,738 INFO  [com.matthewsgrand.Chapter2] - In longDivide(k = 5, j = 5615995, slow = false)
20:56:04,743 INFO  [com.matthewsgrand.Chapter2] - Out longDivide(q = 1123199, j = 0)
20:56:04,745 INFO  [com.matthewsgrand.mwgMethods] - In sqrtInt(i = 1123199)
20:56:04,745 INFO  [com.matthewsgrand.mwgMethods] - Out sqrtInt(r = 1059)
20:56:04,747 INFO  [com.matthewsgrand.Chapter2] - In longDivide(k = 2, j = 1123199, slow = false)
20:56:04,749 INFO  [com.matthewsgrand.Chapter2] - Out longDivide(q = 561599, j = 1)
20:56:04,749 INFO  [com.matthewsgrand.Chapter2] - In longDivide(k = 3, j = 1123199, slow = false)
20:56:04,751 INFO  [com.matthewsgrand.Chapter2] - Out longDivide(q = 374399, j = 2)
20:56:04,752 INFO  [com.matthewsgrand.Chapter2] - In longDivide(k = 4, j = 1123199, slow = false)
20:56:04,753 INFO  [com.matthewsgrand.Chapter2] - Out longDivide(q = 280799, j = 3)
20:56:04,753 INFO  [com.matthewsgrand.Chapter2] - In longDivide(k = 5, j = 1123199, slow = false)
20:56:04,753 INFO  [com.matthewsgrand.Chapter2] - Out longDivide(q = 224639, j = 4)
20:56:04,753 INFO  [com.matthewsgrand.Chapter2] - In longDivide(k = 6, j = 1123199, slow = false)
20:56:04,755 INFO  [com.matthewsgrand.Chapter2] - Out longDivide(q = 187199, j = 5)
20:56:04,756 INFO  [com.matthewsgrand.Chapter2] - In longDivide(k = 7, j = 1123199, slow = false)
20:56:04,757 INFO  [com.matthewsgrand.Chapter2] - Out longDivide(q = 160457, j = 0)
20:56:04,758 INFO  [com.matthewsgrand.mwgMethods] - In sqrtInt(i = 160457)
20:56:04,759 INFO  [com.matthewsgrand.mwgMethods] - Out sqrtInt(r = 400)
20:56:04,763 INFO  [com.matthewsgrand.Chapter2] - In longDivide(k = 2, j = 160457, slow = false)
20:56:04,764 INFO  [com.matthewsgrand.Chapter2] - Out longDivide(q = 80228, j = 1)
20:56:04,764 INFO  [com.matthewsgrand.Chapter2] - In longDivide(k = 3, j = 160457, slow = false)
20:56:04,764 INFO  [com.matthewsgrand.Chapter2] - Out longDivide(q = 53485, j = 2)
20:56:04,766 INFO  [com.matthewsgrand.Chapter2] - In longDivide(k = 4, j = 160457, slow = false)
20:56:04,766 INFO  [com.matthewsgrand.Chapter2] - Out longDivide(q = 40114, j = 1)
20:56:04,766 INFO  [com.matthewsgrand.Chapter2] - In longDivide(k = 5, j = 160457, slow = false)
20:56:04,766 INFO  [com.matthewsgrand.Chapter2] - Out longDivide(q = 32091, j = 2)
20:56:04,766 INFO  [com.matthewsgrand.Chapter2] - In longDivide(k = 6, j = 160457, slow = false)
20:56:04,766 INFO  [com.matthewsgrand.Chapter2] - Out longDivide(q = 26742, j = 5)
20:56:04,766 INFO  [com.matthewsgrand.Chapter2] - In longDivide(k = 7, j = 160457, slow = false)
20:56:04,767 INFO  [com.matthewsgrand.Chapter2] - Out longDivide(q = 22922, j = 3)
20:56:04,768 INFO  [com.matthewsgrand.Chapter2] - In longDivide(k = 8, j = 160457, slow = false)
20:56:04,768 INFO  [com.matthewsgrand.Chapter2] - Out longDivide(q = 20057, j = 1)
20:56:04,768 INFO  [com.matthewsgrand.Chapter2] - In longDivide(k = 9, j = 160457, slow = false)
20:56:04,768 INFO  [com.matthewsgrand.Chapter2] - Out longDivide(q = 17828, j = 5)
20:56:04,768 INFO  [com.matthewsgrand.Chapter2] - In longDivide(k = 10, j = 160457, slow = false)
20:56:04,768 INFO  [com.matthewsgrand.Chapter2] - Out longDivide(q = 16045, j = 7)
20:56:04,768 INFO  [com.matthewsgrand.Chapter2] - In longDivide(k = 11, j = 160457, slow = false)
20:56:04,768 INFO  [com.matthewsgrand.Chapter2] - Out longDivide(q = 14587, j = 0)
20:56:04,772 INFO  [com.matthewsgrand.mwgMethods] - In sqrtInt(i = 14587)
20:56:04,773 INFO  [com.matthewsgrand.mwgMethods] - Out sqrtInt(r = 120)
20:56:04,776 INFO  [com.matthewsgrand.Chapter2] - In longDivide(k = 2, j = 14587, slow = false)
20:56:04,776 INFO  [com.matthewsgrand.Chapter2] - Out longDivide(q = 7293, j = 1)
20:56:04,776 INFO  [com.matthewsgrand.Chapter2] - In longDivide(k = 3, j = 14587, slow = false)
20:56:04,776 INFO  [com.matthewsgrand.Chapter2] - Out longDivide(q = 4862, j = 1)
20:56:04,777 INFO  [com.matthewsgrand.Chapter2] - In longDivide(k = 4, j = 14587, slow = false)
20:56:04,777 INFO  [com.matthewsgrand.Chapter2] - Out longDivide(q = 3646, j = 3)
20:56:04,777 INFO  [com.matthewsgrand.Chapter2] - In longDivide(k = 5, j = 14587, slow = false)
20:56:04,777 INFO  [com.matthewsgrand.Chapter2] - Out longDivide(q = 2917, j = 2)
20:56:04,777 INFO  [com.matthewsgrand.Chapter2] - In longDivide(k = 6, j = 14587, slow = false)
20:56:04,777 INFO  [com.matthewsgrand.Chapter2] - Out longDivide(q = 2431, j = 1)
20:56:04,777 INFO  [com.matthewsgrand.Chapter2] - In longDivide(k = 7, j = 14587, slow = false)
20:56:04,777 INFO  [com.matthewsgrand.Chapter2] - Out longDivide(q = 2083, j = 6)
20:56:04,779 INFO  [com.matthewsgrand.Chapter2] - In longDivide(k = 8, j = 14587, slow = false)
20:56:04,780 INFO  [com.matthewsgrand.Chapter2] - Out longDivide(q = 1823, j = 3)
20:56:04,780 INFO  [com.matthewsgrand.Chapter2] - In longDivide(k = 9, j = 14587, slow = false)
20:56:04,780 INFO  [com.matthewsgrand.Chapter2] - Out longDivide(q = 1620, j = 7)
20:56:04,780 INFO  [com.matthewsgrand.Chapter2] - In longDivide(k = 10, j = 14587, slow = false)
20:56:04,780 INFO  [com.matthewsgrand.Chapter2] - Out longDivide(q = 1458, j = 7)
20:56:04,780 INFO  [com.matthewsgrand.Chapter2] - In longDivide(k = 11, j = 14587, slow = false)
20:56:04,780 INFO  [com.matthewsgrand.Chapter2] - Out longDivide(q = 1326, j = 1)
20:56:04,780 INFO  [com.matthewsgrand.Chapter2] - In longDivide(k = 12, j = 14587, slow = false)
20:56:04,780 INFO  [com.matthewsgrand.Chapter2] - Out longDivide(q = 1215, j = 7)
20:56:04,780 INFO  [com.matthewsgrand.Chapter2] - In longDivide(k = 13, j = 14587, slow = false)
20:56:04,780 INFO  [com.matthewsgrand.Chapter2] - Out longDivide(q = 1122, j = 1)
20:56:04,780 INFO  [com.matthewsgrand.Chapter2] - In longDivide(k = 14, j = 14587, slow = false)
20:56:04,780 INFO  [com.matthewsgrand.Chapter2] - Out longDivide(q = 1041, j = 13)
20:56:04,780 INFO  [com.matthewsgrand.Chapter2] - In longDivide(k = 15, j = 14587, slow = false)
20:56:04,780 INFO  [com.matthewsgrand.Chapter2] - Out longDivide(q = 972, j = 7)
20:56:04,781 INFO  [com.matthewsgrand.Chapter2] - In longDivide(k = 16, j = 14587, slow = false)
20:56:04,782 INFO  [com.matthewsgrand.Chapter2] - Out longDivide(q = 911, j = 11)
20:56:04,782 INFO  [com.matthewsgrand.Chapter2] - In longDivide(k = 17, j = 14587, slow = false)
20:56:04,782 INFO  [com.matthewsgrand.Chapter2] - Out longDivide(q = 858, j = 1)
20:56:04,782 INFO  [com.matthewsgrand.Chapter2] - In longDivide(k = 18, j = 14587, slow = false)
20:56:04,782 INFO  [com.matthewsgrand.Chapter2] - Out longDivide(q = 810, j = 7)
20:56:04,782 INFO  [com.matthewsgrand.Chapter2] - In longDivide(k = 19, j = 14587, slow = false)
20:56:04,782 INFO  [com.matthewsgrand.Chapter2] - Out longDivide(q = 767, j = 14)
20:56:04,782 INFO  [com.matthewsgrand.Chapter2] - In longDivide(k = 20, j = 14587, slow = false)
20:56:04,782 INFO  [com.matthewsgrand.Chapter2] - Out longDivide(q = 729, j = 7)
20:56:04,782 INFO  [com.matthewsgrand.Chapter2] - In longDivide(k = 21, j = 14587, slow = false)
20:56:04,782 INFO  [com.matthewsgrand.Chapter2] - Out longDivide(q = 694, j = 13)
20:56:04,782 INFO  [com.matthewsgrand.Chapter2] - In longDivide(k = 22, j = 14587, slow = false)
20:56:04,782 INFO  [com.matthewsgrand.Chapter2] - Out longDivide(q = 663, j = 1)
20:56:04,782 INFO  [com.matthewsgrand.Chapter2] - In longDivide(k = 23, j = 14587, slow = false)
20:56:04,783 INFO  [com.matthewsgrand.Chapter2] - Out longDivide(q = 634, j = 5)
20:56:04,783 INFO  [com.matthewsgrand.Chapter2] - In longDivide(k = 24, j = 14587, slow = false)
20:56:04,783 INFO  [com.matthewsgrand.Chapter2] - Out longDivide(q = 607, j = 19)
20:56:04,783 INFO  [com.matthewsgrand.Chapter2] - In longDivide(k = 25, j = 14587, slow = false)
20:56:04,783 INFO  [com.matthewsgrand.Chapter2] - Out longDivide(q = 583, j = 12)
20:56:04,783 INFO  [com.matthewsgrand.Chapter2] - In longDivide(k = 26, j = 14587, slow = false)
20:56:04,783 INFO  [com.matthewsgrand.Chapter2] - Out longDivide(q = 561, j = 1)
20:56:04,783 INFO  [com.matthewsgrand.Chapter2] - In longDivide(k = 27, j = 14587, slow = false)
20:56:04,783 INFO  [com.matthewsgrand.Chapter2] - Out longDivide(q = 540, j = 7)
20:56:04,783 INFO  [com.matthewsgrand.Chapter2] - In longDivide(k = 28, j = 14587, slow = false)
20:56:04,783 INFO  [com.matthewsgrand.Chapter2] - Out longDivide(q = 520, j = 27)
20:56:04,783 INFO  [com.matthewsgrand.Chapter2] - In longDivide(k = 29, j = 14587, slow = false)
20:56:04,783 INFO  [com.matthewsgrand.Chapter2] - Out longDivide(q = 503, j = 0)
20:56:04,784 INFO  [com.matthewsgrand.mwgMethods] - In sqrtInt(i = 503)
20:56:04,785 INFO  [com.matthewsgrand.mwgMethods] - Out sqrtInt(r = 22)
20:56:04,787 INFO  [com.matthewsgrand.Chapter2] - In longDivide(k = 2, j = 503, slow = false)
20:56:04,788 INFO  [com.matthewsgrand.Chapter2] - Out longDivide(q = 251, j = 1)
20:56:04,788 INFO  [com.matthewsgrand.Chapter2] - In longDivide(k = 3, j = 503, slow = false)
20:56:04,788 INFO  [com.matthewsgrand.Chapter2] - Out longDivide(q = 167, j = 2)
20:56:04,789 INFO  [com.matthewsgrand.Chapter2] - In longDivide(k = 4, j = 503, slow = false)
20:56:04,790 INFO  [com.matthewsgrand.Chapter2] - Out longDivide(q = 125, j = 3)
20:56:04,790 INFO  [com.matthewsgrand.Chapter2] - In longDivide(k = 5, j = 503, slow = false)
20:56:04,790 INFO  [com.matthewsgrand.Chapter2] - Out longDivide(q = 100, j = 3)
20:56:04,790 INFO  [com.matthewsgrand.Chapter2] - In longDivide(k = 6, j = 503, slow = false)
20:56:04,790 INFO  [com.matthewsgrand.Chapter2] - Out longDivide(q = 83, j = 5)
20:56:04,790 INFO  [com.matthewsgrand.Chapter2] - In longDivide(k = 7, j = 503, slow = false)
20:56:04,790 INFO  [com.matthewsgrand.Chapter2] - Out longDivide(q = 71, j = 6)
20:56:04,792 INFO  [com.matthewsgrand.Chapter2] - In longDivide(k = 8, j = 503, slow = false)
20:56:04,793 INFO  [com.matthewsgrand.Chapter2] - Out longDivide(q = 62, j = 7)
20:56:04,794 INFO  [com.matthewsgrand.Chapter2] - In longDivide(k = 9, j = 503, slow = false)
20:56:04,794 INFO  [com.matthewsgrand.Chapter2] - Out longDivide(q = 55, j = 8)
20:56:04,794 INFO  [com.matthewsgrand.Chapter2] - In longDivide(k = 10, j = 503, slow = false)
20:56:04,794 INFO  [com.matthewsgrand.Chapter2] - Out longDivide(q = 50, j = 3)
20:56:04,794 INFO  [com.matthewsgrand.Chapter2] - In longDivide(k = 11, j = 503, slow = false)
20:56:04,794 INFO  [com.matthewsgrand.Chapter2] - Out longDivide(q = 45, j = 8)
20:56:04,794 INFO  [com.matthewsgrand.Chapter2] - In longDivide(k = 12, j = 503, slow = false)
20:56:04,794 INFO  [com.matthewsgrand.Chapter2] - Out longDivide(q = 41, j = 11)
20:56:04,794 INFO  [com.matthewsgrand.Chapter2] - In longDivide(k = 13, j = 503, slow = false)
20:56:04,794 INFO  [com.matthewsgrand.Chapter2] - Out longDivide(q = 38, j = 9)
20:56:04,794 INFO  [com.matthewsgrand.Chapter2] - In longDivide(k = 14, j = 503, slow = false)
20:56:04,794 INFO  [com.matthewsgrand.Chapter2] - Out longDivide(q = 35, j = 13)
20:56:04,794 INFO  [com.matthewsgrand.Chapter2] - In longDivide(k = 15, j = 503, slow = false)
20:56:04,794 INFO  [com.matthewsgrand.Chapter2] - Out longDivide(q = 33, j = 8)
20:56:04,797 INFO  [com.matthewsgrand.Chapter2] - In longDivide(k = 16, j = 503, slow = false)
20:56:04,797 INFO  [com.matthewsgrand.Chapter2] - Out longDivide(q = 31, j = 7)
20:56:04,798 INFO  [com.matthewsgrand.Chapter2] - In longDivide(k = 17, j = 503, slow = false)
20:56:04,798 INFO  [com.matthewsgrand.Chapter2] - Out longDivide(q = 29, j = 10)
20:56:04,798 INFO  [com.matthewsgrand.Chapter2] - In longDivide(k = 18, j = 503, slow = false)
20:56:04,798 INFO  [com.matthewsgrand.Chapter2] - Out longDivide(q = 27, j = 17)
20:56:04,798 INFO  [com.matthewsgrand.Chapter2] - In longDivide(k = 19, j = 503, slow = false)
20:56:04,798 INFO  [com.matthewsgrand.Chapter2] - Out longDivide(q = 26, j = 9)
20:56:04,798 INFO  [com.matthewsgrand.Chapter2] - In longDivide(k = 20, j = 503, slow = false)
20:56:04,798 INFO  [com.matthewsgrand.Chapter2] - Out longDivide(q = 25, j = 3)
20:56:04,798 INFO  [com.matthewsgrand.Chapter2] - In longDivide(k = 21, j = 503, slow = false)
20:56:04,798 INFO  [com.matthewsgrand.Chapter2] - Out longDivide(q = 23, j = 20)
20:56:04,798 INFO  [com.matthewsgrand.Chapter2] - In longDivide(k = 22, j = 503, slow = false)
20:56:04,798 INFO  [com.matthewsgrand.Chapter2] - Out longDivide(q = 22, j = 19)
20:56:04,800 INFO  [com.matthewsgrand.Chapter2] - Out the25(returnValue.length = 6)
20:56:04,800 INFO  [com.matthewsgrand.mwgMethods] - In arrToString(arr.length = 6)
20:56:04,800 INFO  [com.matthewsgrand.mwgMethods] - Out arrToString(r = { 2, 5, 7, 11, 29, 503 })
20:56:04,804 INFO  [com.matthewsgrand.Chapter2] - Out learn25()
20:56:04,804 INFO  [com.matthewsgrand.mwgMethods] - In readFile(fileName = dia/theMenu.txt)
20:56:04,819 INFO  [com.matthewsgrand.mwgMethods] - Out readFile()
20:56:46,625 INFO  [com.matthewsgrand.Chapter2] - In learn25()
20:56:46,628 INFO  [com.matthewsgrand.mwgMethods] - In readInt(args.length = 1)
20:56:50,583 INFO  [com.matthewsgrand.mwgMethods] - In readInt(args.length = 2)
20:57:15,698 INFO  [com.matthewsgrand.mwgMethods] - In readInt(args.length = 2)
20:57:22,940 INFO  [com.matthewsgrand.mwgMethods] - Out readInt(r = 23)
20:57:22,940 INFO  [com.matthewsgrand.mwgMethods] - Out readInt(r = 23)
20:57:22,940 INFO  [com.matthewsgrand.mwgMethods] - Out readInt(r = 23)
20:57:22,940 INFO  [com.matthewsgrand.mwgMethods] - In clearConsole()
20:57:22,940 WARN  [com.matthewsgrand.mwgMethods] - Out clearConsole() early due to being manually turned off.
20:57:22,940 INFO  [com.matthewsgrand.Chapter2] - In the25(n = 23, slow = true)
20:57:22,940 INFO  [com.matthewsgrand.mwgMethods] - In sqrtInt(i = 23)
20:57:22,941 INFO  [com.matthewsgrand.mwgMethods] - Out sqrtInt(r = 4)
20:57:22,943 INFO  [com.matthewsgrand.Chapter2] - In longDivide(k = 2, j = 23, slow = false)
20:57:22,943 INFO  [com.matthewsgrand.Chapter2] - Out longDivide(q = 11, j = 1)
20:57:22,943 INFO  [com.matthewsgrand.Chapter2] - In longDivide(k = 3, j = 23, slow = false)
20:57:22,943 INFO  [com.matthewsgrand.Chapter2] - Out longDivide(q = 7, j = 2)
20:57:22,944 INFO  [com.matthewsgrand.Chapter2] - In longDivide(k = 4, j = 23, slow = false)
20:57:22,944 INFO  [com.matthewsgrand.Chapter2] - Out longDivide(q = 5, j = 3)
20:57:22,944 INFO  [com.matthewsgrand.Chapter2] - Out the25(returnValue.length = 1)
20:57:22,947 INFO  [com.matthewsgrand.mwgMethods] - In arrToString(arr.length = 1)
20:57:22,947 INFO  [com.matthewsgrand.mwgMethods] - Out arrToString(r = { 23 })
20:57:22,950 INFO  [com.matthewsgrand.Chapter2] - Out learn25()
20:57:22,950 INFO  [com.matthewsgrand.mwgMethods] - In readFile(fileName = dia/theMenu.txt)
20:57:22,964 INFO  [com.matthewsgrand.mwgMethods] - Out readFile()
20:59:17,562 INFO  [com.matthewsgrand.mwgMethods] - In clearConsole()
20:59:17,563 WARN  [com.matthewsgrand.mwgMethods] - Out clearConsole() early due to being manually turned off.
20:59:17,563 INFO  [com.matthewsgrand._NumTheFun] - Out theMenu()
20:59:17,563 INFO  [com.matthewsgrand._NumTheFun] - Deploying Main_Menu
20:59:17,563 INFO  [com.matthewsgrand.mwgMethods] - In readFile(fileName = dia/topMenu.txt)
20:59:17,603 INFO  [com.matthewsgrand.mwgMethods] - Out readFile()
20:59:19,955 INFO  [com.matthewsgrand._NumTheFun] - User put in 00
20:59:19,955 FATAL [com.matthewsgrand._NumTheFun] - shutting down correctly
20:59:19,961 INFO  [com.matthewsgrand._NumTheFun] - Out main()
