Failed something SQL-related in ConnectUtil
org.postgresql.util.PSQLException: Connection to localhost:5432 refused. Check that the hostname and port are correct and that the postmaster is accepting TCP/IP connections.
	at org.postgresql.core.v3.ConnectionFactoryImpl.openConnectionImpl(ConnectionFactoryImpl.java:319)
	at org.postgresql.core.ConnectionFactory.openConnection(ConnectionFactory.java:49)
	at org.postgresql.jdbc.PgConnection.<init>(PgConnection.java:223)
	at org.postgresql.Driver.makeConnection(Driver.java:400)
	at org.postgresql.Driver.connect(Driver.java:259)
	at java.sql/java.sql.DriverManager.getConnection(DriverManager.java:677)
	at java.sql/java.sql.DriverManager.getConnection(DriverManager.java:228)
	at com.matthewsgrand.data.ConnectUtil.getConnection(ConnectUtil.java:17)
	at com.matthewsgrand.data.EntryRepository.<clinit>(EntryRepository.java:11)
	at com.matthewsgrand._NumTheFun.<clinit>(_NumTheFun.java:14)
	at java.base/jdk.internal.misc.Unsafe.ensureClassInitialized0(Native Method)
	at java.base/jdk.internal.misc.Unsafe.ensureClassInitialized(Unsafe.java:1044)
	at java.base/java.lang.invoke.DirectMethodHandle$EnsureInitialized.computeValue(DirectMethodHandle.java:357)
	at java.base/java.lang.invoke.DirectMethodHandle$EnsureInitialized.computeValue(DirectMethodHandle.java:354)
	at java.base/java.lang.ClassValue.getFromHashMap(ClassValue.java:226)
	at java.base/java.lang.ClassValue.getFromBackup(ClassValue.java:208)
	at java.base/java.lang.ClassValue.get(ClassValue.java:114)
	at java.base/java.lang.invoke.DirectMethodHandle.checkInitialized(DirectMethodHandle.java:378)
	at java.base/java.lang.invoke.DirectMethodHandle.ensureInitialized(DirectMethodHandle.java:368)
	at java.base/java.lang.invoke.DirectMethodHandle.internalMemberNameEnsureInit(DirectMethodHandle.java:318)
	at org.codehaus.mojo.exec.ExecJavaMojo$1.run(ExecJavaMojo.java:254)
	at java.base/java.lang.Thread.run(Thread.java:835)
Caused by: java.net.ConnectException: Connection refused: connect
	at java.base/java.net.PlainSocketImpl.waitForConnect(Native Method)
	at java.base/java.net.PlainSocketImpl.socketConnect(PlainSocketImpl.java:107)
	at java.base/java.net.AbstractPlainSocketImpl.doConnect(AbstractPlainSocketImpl.java:399)
	at java.base/java.net.AbstractPlainSocketImpl.connectToAddress(AbstractPlainSocketImpl.java:242)
	at java.base/java.net.AbstractPlainSocketImpl.connect(AbstractPlainSocketImpl.java:224)
	at java.base/java.net.SocksSocketImpl.connect(SocksSocketImpl.java:403)
	at java.base/java.net.Socket.connect(Socket.java:591)
	at org.postgresql.core.PGStream.createSocket(PGStream.java:241)
	at org.postgresql.core.PGStream.<init>(PGStream.java:98)
	at org.postgresql.core.v3.ConnectionFactoryImpl.tryConnect(ConnectionFactoryImpl.java:109)
	at org.postgresql.core.v3.ConnectionFactoryImpl.openConnectionImpl(ConnectionFactoryImpl.java:235)
	... 21 more
